<?xml version="1.0" encoding="UTF-8"?>
<testng-results ignored="0" total="2" passed="2" failed="0" skipped="0">
  <reporter-output>
  </reporter-output>
  <suite started-at="2024-04-13T19:55:32 IST" name=" Sauce lab parallel suite" finished-at="2024-04-13T19:55:44 IST" duration-ms="12282">
    <groups>
      <group name="cucumber">
        <method signature="AbstractTestNGCucumberTests.runScenario(io.cucumber.testng.PickleWrapper,io.cucumber.testng.FeatureWrapper)[pri:0, instance:com.qa.testrunner.testRunner@72d1ad2e]" name="runScenario" class="io.cucumber.testng.AbstractTestNGCucumberTests"/>
      </group> <!-- cucumber -->
    </groups>
    <test started-at="2024-04-13T19:55:32 IST" name="login page test" finished-at="2024-04-13T19:55:44 IST" duration-ms="12282">
      <class name="com.qa.testrunner.testRunner">
        <test-method is-config="true" signature="setUpClass(org.testng.ITestContext)[pri:0, instance:com.qa.testrunner.testRunner@72d1ad2e]" started-at="2024-04-13T19:55:32 IST" name="setUpClass" finished-at="2024-04-13T19:55:32 IST" duration-ms="513" status="PASS">
          <params>
            <param index="0">
              <value>
                <![CDATA[org.testng.TestRunner@7ee8290b]]>
              </value>
            </param>
          </params>
          <reporter-output>
          </reporter-output>
        </test-method> <!-- setUpClass -->
        <test-method signature="runScenario(io.cucumber.testng.PickleWrapper,io.cucumber.testng.FeatureWrapper)[pri:0, instance:com.qa.testrunner.testRunner@72d1ad2e]" started-at="2024-04-13T19:55:32 IST" name="runScenario" description="Runs Cucumber Scenarios" data-provider="scenarios" finished-at="2024-04-13T19:55:38 IST" duration-ms="5464" status="PASS">
          <params>
            <param index="0">
              <value>
                <![CDATA["Sauce lab login feature"]]>
              </value>
            </param>
            <param index="1">
              <value>
                <![CDATA["Sauce Lab Feature"]]>
              </value>
            </param>
          </params>
          <reporter-output>
          </reporter-output>
        </test-method> <!-- runScenario -->
        <test-method signature="runScenario(io.cucumber.testng.PickleWrapper,io.cucumber.testng.FeatureWrapper)[pri:0, instance:com.qa.testrunner.testRunner@72d1ad2e]" started-at="2024-04-13T19:55:38 IST" name="runScenario" description="Runs Cucumber Scenarios" data-provider="scenarios" finished-at="2024-04-13T19:55:43 IST" duration-ms="4813" status="PASS">
          <params>
            <param index="0">
              <value>
                <![CDATA["Sauce lab login feature"]]>
              </value>
            </param>
            <param index="1">
              <value>
                <![CDATA["Sauce Lab Feature"]]>
              </value>
            </param>
          </params>
          <reporter-output>
          </reporter-output>
        </test-method> <!-- runScenario -->
        <test-method is-config="true" signature="tearDownClass()[pri:0, instance:com.qa.testrunner.testRunner@72d1ad2e]" started-at="2024-04-13T19:55:43 IST" name="tearDownClass" finished-at="2024-04-13T19:55:44 IST" duration-ms="1445" status="PASS">
          <reporter-output>
          </reporter-output>
        </test-method> <!-- tearDownClass -->
      </class> <!-- com.qa.testrunner.testRunner -->
    </test> <!-- login page test -->
  </suite> <!--  Sauce lab parallel suite -->
</testng-results>
